<?xml version="1.0" encoding="UTF-8"?>
<!-- Generated by org.testng.reporters.JUnitXMLReporter -->
<testsuite ignored="3" hostname="LAPTOP-CNSK0O45" failures="0" tests="1" name="Default test" time="8.119" errors="0" timestamp="2025-04-02T14:10:38 IST">
  <testcase classname="com.SwagLabs.Tests.TestCaseValidations" name="filterProducts" time="3.639"/>
  <testcase classname="com.SwagLabs.Tests.TestCaseValidations" name="testProductSelection" time="0.0">
    <ignored/>
  </testcase> <!-- testProductSelection -->
  <testcase classname="com.SwagLabs.Tests.TestCaseValidations" name="invalidLogin" time="0.0">
    <ignored/>
  </testcase> <!-- invalidLogin -->
  <testcase classname="com.SwagLabs.Tests.TestCaseValidations" name="Swag_Login" time="0.0">
    <ignored/>
  </testcase> <!-- Swag_Login -->
</testsuite> <!-- Default test -->
