<?xml version="1.0" encoding="UTF-8"?>
<testng-results ignored="3" total="4" passed="1" failed="0" skipped="0">
  <reporter-output>
  </reporter-output>
  <suite started-at="2025-04-02T14:10:30 IST" name="Default suite" finished-at="2025-04-02T14:10:38 IST" duration-ms="8119">
    <groups>
    </groups>
    <test started-at="2025-04-02T14:10:30 IST" name="Default test" finished-at="2025-04-02T14:10:38 IST" duration-ms="8119">
      <class name="com.SwagLabs.Tests.TestCaseValidations">
        <test-method is-config="true" signature="initializeDriver()[pri:0, instance:com.SwagLabs.Tests.TestCaseValidations@2a3b5b47]" started-at="2025-04-02T14:10:30 IST" name="initializeDriver" finished-at="2025-04-02T14:10:33 IST" duration-ms="2574" status="PASS">
          <reporter-output>
          </reporter-output>
        </test-method> <!-- initializeDriver -->
        <test-method signature="filterProducts()[pri:4, instance:com.SwagLabs.Tests.TestCaseValidations@2a3b5b47]" started-at="2025-04-02T14:10:33 IST" name="filterProducts" finished-at="2025-04-02T14:10:36 IST" duration-ms="3639" status="PASS">
          <reporter-output>
          </reporter-output>
        </test-method> <!-- filterProducts -->
        <test-method is-config="true" signature="tearDown()[pri:0, instance:com.SwagLabs.Tests.TestCaseValidations@2a3b5b47]" started-at="2025-04-02T14:10:36 IST" name="tearDown" finished-at="2025-04-02T14:10:38 IST" duration-ms="1587" status="PASS">
          <reporter-output>
          </reporter-output>
        </test-method> <!-- tearDown -->
      </class> <!-- com.SwagLabs.Tests.TestCaseValidations -->
    </test> <!-- Default test -->
  </suite> <!-- Default suite -->
</testng-results>
